#
# A fatal error has been detected by the Java Runtime Environment:
#
#  EXCEPTION_UNCAUGHT_CXX_EXCEPTION (0xe06d7363) at pc=0x000007fefd1ea06d, pid=22868, tid=0x0000000000003600
#
# JRE version: Java(TM) SE Runtime Environment (8.0_102-b14) (build 1.8.0_102-b14)
# Java VM: Java HotSpot(TM) 64-Bit Server VM (25.102-b14 mixed mode windows-amd64 compressed oops)
# Problematic frame:
# C  [KERNELBASE.dll+0x1a06d]
#
# Failed to write core dump. Minidumps are not enabled by default on client versions of Windows
#
# If you would like to submit a bug report, please visit:
#   http://bugreport.java.com/bugreport/crash.jsp
# The crash happened outside the Java Virtual Machine in native code.
# See problematic frame for where to report the bug.
#

---------------  T H R E A D  ---------------

Current thread (0x0000000001c2e800):  JavaThread "main" [_thread_in_native, id=13824, stack(0x0000000002590000,0x0000000002690000)]

siginfo: ExceptionCode=0xe06d7363, ExceptionInformation=0x0000000019930520 0x000000000267f370 0x000007fee1bdf908 0x000007fee19a0000 

Registers:
RAX=0x000000007b7c518b, RBX=0x000007fee1bdf908, RCX=0x000000000267ebe0, RDX=0x00000000000000d0
RSP=0x000000000267f1f0, RBP=0x000000000267f320, RSI=0x000007fee1b6d628, RDI=0x000000000267f370
R8 =0x0000000000000000, R9 =0x0000000000000000, R10=0x000007fee19a0000, R11=0x000000000267f230
R12=0x00000000ffffff29, R13=0x0000000000000000, R14=0x000007fee1b6cf18, R15=0x000000000268f530
RIP=0x000007fefd1ea06d, EFLAGS=0x0000000000000206

Top of Stack: (sp=0x000000000267f1f0)
0x000000000267f1f0:   000007fee1bdf908 000007fee1b6d628
0x000000000267f200:   000000000267f370 000007fee1c8a1ae
0x000000000267f210:   00000001e06d7363 0000000000000000
0x000000000267f220:   000007fefd1ea06d 000007fe00000004
0x000000000267f230:   0000000019930520 000000000267f370
0x000000000267f240:   000007fee1bdf908 000007fee19a0000
0x000000000267f250:   0000000000000002 000000000267f2d8
0x000000000267f260:   0000000000000000 0000000000000002
0x000000000267f270:   000000000020d600 000007fee1b6cf18
0x000000000267f280:   000000000267f370 000007fee1c7d306
0x000000000267f290:   000007fee1b6cf18 0000000000000000
0x000000000267f2a0:   00000000ffffff29 000000000267f370
0x000000000267f2b0:   000007fee1b6d628 000007fee1c7ef63
0x000000000267f2c0:   000007fee1bdf908 000000000267f330
0x000000000267f2d0:   000007fe00000001 000007fee19a0100
0x000000000267f2e0:   00000001e06d7363 0000000000000000 

Instructions: (pc=0x000007fefd1ea06d)
0x000007fefd1ea04d:   54 24 24 48 89 4c 24 28 4d 85 c9 0f 85 6a 03 00
0x000007fefd1ea05d:   00 89 4c 24 38 48 8d 4c 24 20 ff 15 33 02 03 00
0x000007fefd1ea06d:   48 81 c4 c8 00 00 00 c3 90 90 90 90 90 90 90 90
0x000007fefd1ea07d:   90 90 90 48 83 ec 28 65 48 8b 04 25 30 00 00 00 


Register to memory mapping:

RAX=0x000000007b7c518b is an unknown value
RBX=0x000007fee1bdf908 is an unknown value
RCX=0x000000000267ebe0 is pointing into the stack for thread: 0x0000000001c2e800
RDX=0x00000000000000d0 is an unknown value
RSP=0x000000000267f1f0 is pointing into the stack for thread: 0x0000000001c2e800
RBP=0x000000000267f320 is pointing into the stack for thread: 0x0000000001c2e800
RSI=0x000007fee1b6d628 is an unknown value
RDI=0x000000000267f370 is pointing into the stack for thread: 0x0000000001c2e800
R8 =0x0000000000000000 is an unknown value
R9 =0x0000000000000000 is an unknown value
R10=0x000007fee19a0000 is an unknown value
R11=0x000000000267f230 is pointing into the stack for thread: 0x0000000001c2e800
R12=0x00000000ffffff29 is an unallocated location in the heap
R13=0x0000000000000000 is an unknown value
R14=0x000007fee1b6cf18 is an unknown value
R15=0x000000000268f530 is pointing into the stack for thread: 0x0000000001c2e800


Stack: [0x0000000002590000,0x0000000002690000],  sp=0x000000000267f1f0,  free space=956k
Native frames: (J=compiled Java code, j=interpreted, Vv=VM code, C=native code)
C  [KERNELBASE.dll+0x1a06d]
C  [msvcr120.dll+0x5ef63]
C  [opencv_core310.dll+0x19b5a4]
C  [opencv_core310.dll+0x19b6e6]
C  [opencv_core310.dll+0x2a0ea]
C  [jniopencv_core.dll+0xe4280]
C  0x0000000002977f54

Java frames: (J=compiled Java code, j=interpreted, Vv=VM code)
j  org.bytedeco.javacpp.opencv_core.cvAbsDiff(Lorg/bytedeco/javacpp/helper/opencv_core$CvArr;Lorg/bytedeco/javacpp/helper/opencv_core$CvArr;Lorg/bytedeco/javacpp/helper/opencv_core$CvArr;)V+0
j  MotionDetector.main([Ljava/lang/String;)V+179
v  ~StubRoutines::call_stub

---------------  P R O C E S S  ---------------

Java Threads: ( => current thread )
  0x000000001a6e7000 JavaThread "AWT-EventQueue-0" [_thread_blocked, id=14276, stack(0x000000001fa40000,0x000000001fb40000)]
  0x000000001a647800 JavaThread "AWT-Windows" daemon [_thread_in_native, id=21068, stack(0x000000001f710000,0x000000001f810000)]
  0x000000001a646800 JavaThread "AWT-Shutdown" [_thread_blocked, id=26412, stack(0x000000001c410000,0x000000001c510000)]
  0x000000001a646000 JavaThread "Java2D Disposer" daemon [_thread_blocked, id=27804, stack(0x000000001f480000,0x000000001f580000)]
  0x0000000018ff6800 JavaThread "Service Thread" daemon [_thread_blocked, id=30660, stack(0x00000000189c0000,0x0000000018ac0000)]
  0x0000000018f6e800 JavaThread "C1 CompilerThread2" daemon [_thread_blocked, id=10332, stack(0x0000000019830000,0x0000000019930000)]
  0x00000000176cf800 JavaThread "C2 CompilerThread1" daemon [_thread_blocked, id=8612, stack(0x00000000196a0000,0x00000000197a0000)]
  0x00000000176cc800 JavaThread "C2 CompilerThread0" daemon [_thread_blocked, id=12544, stack(0x0000000019480000,0x0000000019580000)]
  0x00000000176c9800 JavaThread "Attach Listener" daemon [_thread_blocked, id=27984, stack(0x0000000018e50000,0x0000000018f50000)]
  0x00000000176c5000 JavaThread "Signal Dispatcher" daemon [_thread_blocked, id=10896, stack(0x0000000018ce0000,0x0000000018de0000)]
  0x00000000176ab800 JavaThread "Finalizer" daemon [_thread_blocked, id=25636, stack(0x0000000018ad0000,0x0000000018bd0000)]
  0x0000000017664000 JavaThread "Reference Handler" daemon [_thread_blocked, id=21332, stack(0x0000000018870000,0x0000000018970000)]
=>0x0000000001c2e800 JavaThread "main" [_thread_in_native, id=13824, stack(0x0000000002590000,0x0000000002690000)]

Other Threads:
  0x000000001765c800 VMThread [stack: 0x00000000185f0000,0x00000000186f0000] [id=23464]
  0x0000000019008800 WatcherThread [stack: 0x0000000019940000,0x0000000019a40000] [id=26016]

VM state:not at safepoint (normal execution)

VM Mutex/Monitor currently owned by a thread: None

Heap:
 PSYoungGen      total 38400K, used 21705K [0x00000000d5d80000, 0x00000000d8800000, 0x0000000100000000)
  eden space 33280K, 65% used [0x00000000d5d80000,0x00000000d72b2698,0x00000000d7e00000)
  from space 5120K, 0% used [0x00000000d8300000,0x00000000d8300000,0x00000000d8800000)
  to   space 5120K, 0% used [0x00000000d7e00000,0x00000000d7e00000,0x00000000d8300000)
 ParOldGen       total 87552K, used 0K [0x0000000081800000, 0x0000000086d80000, 0x00000000d5d80000)
  object space 87552K, 0% used [0x0000000081800000,0x0000000081800000,0x0000000086d80000)
 Metaspace       used 10877K, capacity 11030K, committed 11136K, reserved 1058816K
  class space    used 1281K, capacity 1354K, committed 1408K, reserved 1048576K

Card table byte_map: [0x0000000011d20000,0x0000000012120000] byte_map_base: 0x0000000011914000

Marking Bits: (ParMarkBitMap*) 0x00000000705ea6c0
 Begin Bits: [0x0000000012990000, 0x0000000014930000)
 End Bits:   [0x0000000014930000, 0x00000000168d0000)

Polling page: 0x0000000000360000

CodeCache: size=245760Kb used=2870Kb max_used=2870Kb free=242889Kb
 bounds [0x0000000002960000, 0x0000000002c30000, 0x0000000011960000]
 total_blobs=1220 nmethods=690 adapters=443
 compilation: enabled

Compilation events (10 events):
Event: 1.869 Thread 0x0000000018f6e800  686       3       java.util.Properties::getProperty (46 bytes)
Event: 1.869 Thread 0x0000000018f6e800 nmethod 686 0x0000000002c2c7d0 code [0x0000000002c2c960, 0x0000000002c2ce18]
Event: 1.870 Thread 0x0000000018f6e800  687       3       sun.util.locale.LocaleUtils::isUpper (18 bytes)
Event: 1.870 Thread 0x0000000018f6e800 nmethod 687 0x0000000002c2cf10 code [0x0000000002c2d060, 0x0000000002c2d230]
Event: 1.877 Thread 0x0000000018f6e800  688       3       sun.util.locale.LocaleUtils::toLower (17 bytes)
Event: 1.881 Thread 0x0000000018f6e800 nmethod 688 0x0000000002c2d290 code [0x0000000002c2d400, 0x0000000002c2d670]
Event: 1.881 Thread 0x0000000018f6e800  689       3       java.lang.ref.SoftReference::<init> (13 bytes)
Event: 1.882 Thread 0x0000000018f6e800 nmethod 689 0x0000000002c2d710 code [0x0000000002c2d880, 0x0000000002c2db70]
Event: 1.885 Thread 0x0000000018f6e800  690       3       java.nio.Buffer::position (43 bytes)
Event: 1.885 Thread 0x0000000018f6e800 nmethod 690 0x0000000002c2ded0 code [0x0000000002c2e040, 0x0000000002c2e308]

GC Heap History (0 events):
No events

Deoptimization events (7 events):
Event: 1.775 Thread 0x0000000001c2e800 Uncommon trap: reason=unstable_if action=reinterpret pc=0x0000000002b0f6e8 method=java.lang.String.startsWith(Ljava/lang/String;I)Z @ 25
Event: 1.776 Thread 0x0000000001c2e800 Uncommon trap: reason=unstable_if action=reinterpret pc=0x0000000002b72068 method=sun.misc.MetaIndex.mayContain(Ljava/lang/String;)Z @ 38
Event: 1.777 Thread 0x0000000001c2e800 Uncommon trap: reason=class_check action=maybe_recompile pc=0x0000000002b14250 method=java.io.FilterInputStream.read([BII)I @ 7
Event: 1.778 Thread 0x0000000001c2e800 Uncommon trap: reason=unstable_if action=reinterpret pc=0x0000000002b82b50 method=java.lang.AbstractStringBuilder.append(Ljava/lang/String;)Ljava/lang/AbstractStringBuilder; @ 1
Event: 1.779 Thread 0x0000000001c2e800 Uncommon trap: reason=unstable_if action=reinterpret pc=0x0000000002b3a188 method=java.lang.AbstractStringBuilder.append(Ljava/lang/String;)Ljava/lang/AbstractStringBuilder; @ 1
Event: 1.782 Thread 0x0000000001c2e800 Uncommon trap: reason=unstable_if action=reinterpret pc=0x0000000002b97234 method=java.util.HashMap.hash(Ljava/lang/Object;)I @ 1
Event: 1.783 Thread 0x0000000001c2e800 Uncommon trap: reason=unstable_if action=reinterpret pc=0x0000000002b7f6e8 method=java.util.HashMap.hash(Ljava/lang/Object;)I @ 1

Internal exceptions (10 events):
Event: 1.022 Thread 0x0000000001c2e800 Exception <a 'java/security/PrivilegedActionException'> (0x00000000d6a6efa0) thrown at [C:\re\workspace\8-2-build-windows-amd64-cygwin\jdk8u102\7268\hotspot\src\share\vm\prims\jvm.cpp, line 1386]
Event: 1.022 Thread 0x0000000001c2e800 Exception <a 'java/security/PrivilegedActionException'> (0x00000000d6a6f1b0) thrown at [C:\re\workspace\8-2-build-windows-amd64-cygwin\jdk8u102\7268\hotspot\src\share\vm\prims\jvm.cpp, line 1386]
Event: 1.663 Thread 0x0000000001c2e800 Exception <a 'java/io/FileNotFoundException'> (0x00000000d6c37830) thrown at [C:\re\workspace\8-2-build-windows-amd64-cygwin\jdk8u102\7268\hotspot\src\share\vm\prims\jni.cpp, line 709]
Event: 1.694 Thread 0x0000000001c2e800 Exception <a 'java/lang/NoSuchFieldError': method resolution failed> (0x00000000d6d04460) thrown at [C:\re\workspace\8-2-build-windows-amd64-cygwin\jdk8u102\7268\hotspot\src\share\vm\prims\methodHandles.cpp, line 1146]
Event: 1.695 Thread 0x0000000001c2e800 Exception <a 'java/lang/NoSuchFieldError': method resolution failed> (0x00000000d6d11780) thrown at [C:\re\workspace\8-2-build-windows-amd64-cygwin\jdk8u102\7268\hotspot\src\share\vm\prims\methodHandles.cpp, line 1146]
Event: 1.736 Thread 0x0000000001c2e800 Exception <a 'java/io/FileNotFoundException'> (0x00000000d6da6d68) thrown at [C:\re\workspace\8-2-build-windows-amd64-cygwin\jdk8u102\7268\hotspot\src\share\vm\prims\jni.cpp, line 709]
Event: 1.778 Thread 0x0000000001c2e800 Implicit null exception at 0x0000000002b82796 to 0x0000000002b82b39
Event: 1.779 Thread 0x0000000001c2e800 Implicit null exception at 0x0000000002b39d94 to 0x0000000002b3a171
Event: 1.782 Thread 0x0000000001c2e800 Implicit null exception at 0x0000000002b97055 to 0x0000000002b97225
Event: 1.783 Thread 0x0000000001c2e800 Implicit null exception at 0x0000000002b7f66f to 0x0000000002b7f6d9

Events (10 events):
Event: 1.885 loading class java/awt/GraphicsCallback$PaintCallback
Event: 1.885 loading class java/awt/GraphicsCallback
Event: 1.885 loading class sun/awt/SunGraphicsCallback
Event: 1.885 loading class sun/awt/SunGraphicsCallback done
Event: 1.885 loading class java/awt/GraphicsCallback done
Event: 1.885 loading class java/awt/GraphicsCallback$PaintCallback done
Event: 1.887 loading class sun/awt/image/MultiResolutionImage
Event: 1.887 loading class sun/awt/image/MultiResolutionImage done
Event: 1.887 loading class sun/awt/image/ToolkitImage
Event: 1.887 loading class sun/awt/image/ToolkitImage done


Dynamic libraries:
0x000000013f420000 - 0x000000013f457000 	C:\Program Files\Java\jre1.8.0_102\bin\javaw.exe
0x0000000077390000 - 0x000000007753a000 	C:\windows\SYSTEM32\ntdll.dll
0x0000000077170000 - 0x000000007728f000 	C:\windows\system32\kernel32.dll
0x000007fefd1d0000 - 0x000007fefd23a000 	C:\windows\system32\KERNELBASE.dll
0x000007fefdc00000 - 0x000007fefdcdb000 	C:\windows\system32\ADVAPI32.dll
0x000007feff2f0000 - 0x000007feff38f000 	C:\windows\system32\msvcrt.dll
0x000007fefdce0000 - 0x000007fefdcff000 	C:\windows\SYSTEM32\sechost.dll
0x000007fefdfc0000 - 0x000007fefe0ed000 	C:\windows\system32\RPCRT4.dll
0x0000000077290000 - 0x000000007738a000 	C:\windows\system32\USER32.dll
0x000007feff280000 - 0x000007feff2e7000 	C:\windows\system32\GDI32.dll
0x000007feff5a0000 - 0x000007feff5ae000 	C:\windows\system32\LPK.dll
0x000007feff1a0000 - 0x000007feff26a000 	C:\windows\system32\USP10.dll
0x000007fefb360000 - 0x000007fefb554000 	C:\windows\WinSxS\amd64_microsoft.windows.common-controls_6595b64144ccf1df_6.0.7601.18837_none_fa3b1e3d17594757\COMCTL32.dll
0x000007fefdf40000 - 0x000007fefdfb1000 	C:\windows\system32\SHLWAPI.dll
0x000007fefdb30000 - 0x000007fefdb5e000 	C:\windows\system32\IMM32.DLL
0x000007fefe0f0000 - 0x000007fefe1f9000 	C:\windows\system32\MSCTF.dll
0x000007fef0ed0000 - 0x000007fef0f77000 	C:\Program Files\McAfee\Host Intrusion Prevention\HcApi.dll
0x000000006e950000 - 0x000000006e95b000 	C:\Program Files\McAfee\Host Intrusion Prevention\HcThe.dll
0x0000000052520000 - 0x00000000525f1000 	C:\Program Files\Java\jre1.8.0_102\bin\msvcr100.dll
0x000000006fdd0000 - 0x000000007066a000 	C:\Program Files\Java\jre1.8.0_102\bin\server\jvm.dll
0x000007fef9640000 - 0x000007fef9649000 	C:\windows\system32\WSOCK32.dll
0x000007feff650000 - 0x000007feff69d000 	C:\windows\system32\WS2_32.dll
0x000007feff270000 - 0x000007feff278000 	C:\windows\system32\NSI.dll
0x000007fefbe80000 - 0x000007fefbebb000 	C:\windows\system32\WINMM.dll
0x000007fefc1b0000 - 0x000007fefc1bc000 	C:\windows\system32\VERSION.dll
0x0000000077560000 - 0x0000000077567000 	C:\windows\system32\PSAPI.DLL
0x0000000073cd0000 - 0x0000000073cdf000 	C:\Program Files\Java\jre1.8.0_102\bin\verify.dll
0x00000000527f0000 - 0x0000000052819000 	C:\Program Files\Java\jre1.8.0_102\bin\java.dll
0x00000000696d0000 - 0x00000000696e6000 	C:\Program Files\Java\jre1.8.0_102\bin\zip.dll
0x000007fefe200000 - 0x000007fefef8c000 	C:\windows\system32\SHELL32.dll
0x000007fefef90000 - 0x000007feff193000 	C:\windows\system32\ole32.dll
0x000007fefd0d0000 - 0x000007fefd0df000 	C:\windows\system32\profapi.dll
0x000007fee1c20000 - 0x000007fee1d0f000 	C:\Users\bektursu\AppData\Local\Temp\javacpp240627093700683\msvcr120.dll
0x000007fee6c60000 - 0x000007fee6d06000 	C:\Users\bektursu\AppData\Local\Temp\javacpp240627093700683\msvcp120.dll
0x000007fee19a0000 - 0x000007fee1c19000 	C:\Users\bektursu\AppData\Local\Temp\javacpp240627093700683\opencv_core310.dll
0x000007fee1650000 - 0x000007fee1991000 	C:\Users\bektursu\AppData\Local\Temp\javacpp240627093700683\opencv_imgproc310.dll
0x000007fee1450000 - 0x000007fee1648000 	C:\Users\bektursu\AppData\Local\Temp\javacpp240627093700683\jniopencv_core.dll
0x000007fee13a0000 - 0x000007fee1446000 	C:\Users\bektursu\AppData\Local\Temp\javacpp240627093700683\jniopencv_imgproc.dll
0x000007fee10d0000 - 0x000007fee1398000 	C:\Users\bektursu\AppData\Local\Temp\javacpp240627093700683\opencv_imgcodecs310.dll
0x000007feea7c0000 - 0x000007feea7dc000 	C:\Users\bektursu\AppData\Local\Temp\javacpp240627093700683\jniopencv_imgcodecs.dll
0x000007fee8a50000 - 0x000007fee8aa3000 	C:\Users\bektursu\AppData\Local\Temp\javacpp240627093700683\opencv_videoio310.dll
0x000007fefd490000 - 0x000007fefd568000 	C:\windows\system32\OLEAUT32.dll
0x000007fee8b80000 - 0x000007fee8ba9000 	C:\windows\system32\MSVFW32.dll
0x000007fee8e10000 - 0x000007fee8e2f000 	C:\windows\system32\AVIFIL32.dll
0x000007fefa9c0000 - 0x000007fefa9d8000 	C:\windows\system32\MSACM32.dll
0x000007fee8790000 - 0x000007fee87a7000 	C:\windows\system32\AVICAP32.dll
0x000007fee8770000 - 0x000007fee8787000 	C:\Users\bektursu\AppData\Local\Temp\javacpp240627093700683\jniopencv_videoio.dll
0x000007fefcf70000 - 0x000007fefcf7f000 	C:\windows\system32\CRYPTBASE.dll
0x000007fefadf0000 - 0x000007fefae46000 	C:\windows\system32\uxtheme.dll
0x000007fefdb60000 - 0x000007fefdbf9000 	C:\windows\system32\CLBCatQ.DLL
0x000007fee86d0000 - 0x000007fee86e6000 	C:\Windows\system32\devenum.dll
0x000000001bab0000 - 0x000000001bc87000 	C:\windows\system32\setupapi.dll
0x000007fefd3d0000 - 0x000007fefd406000 	C:\windows\system32\CFGMGR32.dll
0x000007fefd470000 - 0x000007fefd48a000 	C:\windows\system32\DEVOBJ.dll
0x000007fefbfe0000 - 0x000007fefc00d000 	C:\windows\system32\ntmarta.dll
0x000007fefdd00000 - 0x000007fefdd52000 	C:\windows\system32\WLDAP32.dll
0x000007fefd420000 - 0x000007fefd45b000 	C:\windows\system32\WINTRUST.dll
0x000007fefd240000 - 0x000007fefd3ad000 	C:\windows\system32\CRYPT32.dll
0x000007fefd0e0000 - 0x000007fefd0ef000 	C:\windows\system32\MSASN1.dll
0x000007fefa8d0000 - 0x000007fefa8dd000 	C:\windows\system32\msdmo.dll
0x000007fee86a0000 - 0x000007fee86cf000 	C:\Windows\system32\qcap.dll
0x000007fee0d50000 - 0x000007fee0f03000 	C:\Windows\system32\quartz.dll
0x000007fefa7d0000 - 0x000007fefa7e8000 	C:\windows\system32\dwmapi.dll
0x000007fee82c0000 - 0x000007fee8301000 	C:\Windows\system32\ksproxy.ax
0x0000000074b70000 - 0x0000000074b76000 	C:\Windows\system32\ksuser.dll
0x000007feea2b0000 - 0x000007feea4af000 	C:\Windows\system32\d3d9.dll
0x000007feea680000 - 0x000007feea687000 	C:\Windows\system32\d3d8thk.dll
0x000007fef15b0000 - 0x000007fef15bb000 	C:\Windows\system32\vidcap.ax
0x000007fee8670000 - 0x000007fee8694000 	C:\Windows\system32\kswdmcap.ax
0x000007fee0f70000 - 0x000007fee10cc000 	C:\Windows\system32\MFC42.dll
0x000007fef9170000 - 0x000007fef9221000 	C:\Windows\system32\ODBC32.dll
0x00000000740c0000 - 0x00000000740f8000 	C:\Windows\system32\odbcint.dll
0x000007fee0cb0000 - 0x000007fee0d4b000 	C:\Windows\System32\qedit.dll
0x000007feff5b0000 - 0x000007feff647000 	C:\windows\system32\COMDLG32.dll
0x000007fefabd0000 - 0x000007fefade6000 	C:\windows\WinSxS\amd64_microsoft.windows.gdiplus_6595b64144ccf1df_1.1.7601.23508_none_145555328b95eaaa\gdiplus.dll
0x000007fef31f0000 - 0x000007fef32e1000 	C:\windows\system32\DDRAW.dll
0x000007fef31e0000 - 0x000007fef31e8000 	C:\windows\system32\DCIMAN32.dll
0x000000006c680000 - 0x000000006c818000 	C:\Program Files\Java\jre1.8.0_102\bin\awt.dll
0x00000000523a0000 - 0x00000000523e7000 	C:\Program Files\Java\jre1.8.0_102\bin\fontmanager.dll
0x000007fef2fc0000 - 0x000007fef30e5000 	C:\windows\system32\dbghelp.dll

VM Arguments:
jvm_args: -Dfile.encoding=Cp1252 
java_command: MotionDetector
java_class_path (initial): C:\projects\GitLab\4490_Project\JavaCV\samples\sample\bin;C:\projects\GitLab\4490_Project\JavaCV;C:\projects\GitLab\4490_Project\JavaCV\javacpp.jar;C:\projects\GitLab\4490_Project\JavaCV\artoolkitplus-linux-x86.jar;C:\projects\GitLab\4490_Project\JavaCV\artoolkitplus-linux-x86_64.jar;C:\projects\GitLab\4490_Project\JavaCV\artoolkitplus-macosx-x86_64.jar;C:\projects\GitLab\4490_Project\JavaCV\artoolkitplus-windows-x86.jar;C:\projects\GitLab\4490_Project\JavaCV\artoolkitplus-windows-x86_64.jar;C:\projects\GitLab\4490_Project\JavaCV\artoolkitplus.jar;C:\projects\GitLab\4490_Project\JavaCV\artoolkitplus-android-arm.jar;C:\projects\GitLab\4490_Project\JavaCV\artoolkitplus-android-x86.jar;C:\projects\GitLab\4490_Project\JavaCV\artoolkitplus-linux-armhf.jar;C:\projects\GitLab\4490_Project\JavaCV\ffmpeg-linux-x86.jar;C:\projects\GitLab\4490_Project\JavaCV\ffmpeg-linux-x86_64.jar;C:\projects\GitLab\4490_Project\JavaCV\ffmpeg-macosx-x86_64.jar;C:\projects\GitLab\4490_Project\JavaCV\ffmpeg-windows-x86.jar;C:\projects\GitLab\4490_Project\JavaCV\ffmpeg-windows-x86_64.jar;C:\projects\GitLab\4490_Project\JavaCV\ffmpeg.jar;C:\projects\GitLab\4490_Project\JavaCV\ffmpeg-android-arm.jar;C:\projects\GitLab\4490_Project\JavaCV\ffmpeg-android-x86.jar;C:\projects\GitLab\4490_Project\JavaCV\ffmpeg-linux-armhf.jar;C:\projects\GitLab\4490_Project\JavaCV\flandmark-linux-x86.jar;C:\projects\GitLab\4490_Project\JavaCV\flandmark-linux-x86_64.jar;C:\projects\GitLab\4490_Project\JavaCV\flandmark-macosx-x86_64.jar;C:\projects\GitLab\4490_Project\JavaCV\flandmark-windows-x86.jar;C:\projects\GitLab\4490_Project\JavaCV\flandmark-windows-x86_64.jar;C:\projects\GitLab\4490_Project\JavaCV\flandmark.jar;C:\projects\GitLab\4490_Project\JavaCV\flandmark-android-arm.jar;C:\projects\GitLab\4490_Project\JavaCV\flandmark-android-x86.jar;C:\projects\GitLab\4490_Project\JavaCV\flandmark-linux-armhf.jar;C:\projects\GitLab\4490_Project\JavaCV\flycapture-linux-x86.jar;C:\projects\GitLab\
Launcher Type: SUN_STANDARD

Environment Variables:
JAVA_HOME=C:\Program Files\Java\jdk1.8.0_71
PATH=C:/Program Files/Java/jre1.8.0_102/bin/server;C:/Program Files/Java/jre1.8.0_102/bin;C:/Program Files/Java/jre1.8.0_102/lib/amd64;C:\opencv\build\x64\vc12\bin;C:\ProgramData\Oracle\Java\javapath;C:\app\bektursu\product\11.2.0\client_1;C:\app\bektursu\product\11.2.0\client_1\bin;C:\instantclient_12_1;C:\Program Files (x86)\Subversion\bin;C:\Program Files\R\R-3.2.3\bin\x64;C:\Program Files\Java\jdk1.8.0_71\bin;C:\windows\system32;C:\windows;C:\windows\System32\Wbem;C:\windows\System32\WindowsPowerShell\v1.0\;C:\Program Files\ActivIdentity\ActivClient\;C:\Program Files (x86)\ActivIdentity\ActivClient\;C:\windows\System32\WindowsPowerShell\v1.0\;C:\Program Files (x86)\Windows Kits\8.1\Windows Performance Toolkit\;C:\Program Files\Microsoft SQL Server\110\Tools\Binn\;C:\Program Files\TortoiseSVN\bin;C:\Program Files\nodejs\;C:\Octave\Octave-4.0.0\bin;C:\Program Files (x86)\Subversion\bin;C:\Strawberry\c\bin;C:\Strawberry\perl\site\bin;C:\Strawberry\perl\bin;C:\Program Files\Microsoft SQL Server\120\Tools\Binn\;C:\Program Files\MATLAB\R2016a\bin;C:\Program Files\Git\cmd;C:\Octave\Octave-4.0.0\bin;C:\Program Files\MATLAB\R2016a\bin;C:\Program Files (x86)\MiKTeX 2.9\miktex\bin\;C:\Program Files (x86)\LyX 2.2\Perl\bin; C:\Program Files\Vertica Systems\VSQL64;C:\app\bektursu\product\11.2.0\client_1;C:\instantclient_12_1;C:\Program Files (x86)\Subversion\bin;C:\Program Files\R\R-3.2.3\bin\x64;C:\Program Files\Java\jdk1.8.0_71\bin;C:\Users\bektursu\AppData\Roaming\npm; C:\Octave\Octave-4.0.0\bin;C:\Program Files (x86)\Microsoft VS Code\bin;C:\Program Files (x86)\Nmap;C:\Users\bektursu\AppData\Roaming\Microsoft\Windows\Start Menu\Programs\Eclipse;
USERNAME=bektursu
OS=Windows_NT
PROCESSOR_IDENTIFIER=Intel64 Family 6 Model 69 Stepping 1, GenuineIntel



---------------  S Y S T E M  ---------------

OS: Windows 7 , 64 bit Build 7601 (6.1.7601.23418)

CPU:total 4 (2 cores per cpu, 2 threads per core) family 6 model 69 stepping 1, cmov, cx8, fxsr, mmx, sse, sse2, sse3, ssse3, sse4.1, sse4.2, popcnt, avx, avx2, aes, clmul, erms, lzcnt, ht, tsc, tscinvbit, bmi1, bmi2

Memory: 4k page, physical 8283196k(1143972k free), swap 16564532k(6998424k free)

vm_info: Java HotSpot(TM) 64-Bit Server VM (25.102-b14) for windows-amd64 JRE (1.8.0_102-b14), built on Jun 22 2016 13:15:21 by "java_re" with MS VC++ 10.0 (VS2010)

time: Sat Sep 24 12:06:07 2016
elapsed time: 1 seconds (0d 0h 0m 1s)

